> The memory was correctly attached to the main process.
> The priority queues was inicialized.
> The waiting for I/O queue was inicialized.
> The file was read and the data was stored.
> There is a total of 4 processes.
> Creating a child process.
> Creating a child process.
> Creating a child process.
> Creating a child process.
> Elements in Circular Queue are: 
	>> 14208 1 0 
	>> 14209 1 0 
	>> 14210 1 0 
	>> 14211 1 0 
     _____ __             __ 
    / ___// /_____ ______/ /_
    \__ \/ __/ __ `/ ___/ __/
   ___/ / /_/ /_/ / /  / /_  
  /____/\__/\__,_/_/   \__/
	   ____    __          __     __     
	  / __/___/ /  ___ ___/ /_ __/ /__ ____
	 _\ \/ __/ _ \/ -_) _  / // / / -_) __/
	/___/\__/_//_/\__/\_,_/\_,_/_/\__/_/   


*-*-*-*-*-*-*-*-*-*-*-*-*-*-*-*-*-*-*-*-*-*-*-*-*-*-*-*-*-*-*-*-*-*-*-*-*-*-*-*-*--*-*-

PRIORITY QUEUES - CPU QUANTUM : 1 sec
---------------------------------------------------------------------------------------
NIVEL 1 :| pid : 14209 || pid : 14210 || pid : 14211 |
---------------------------------------------------------------------------------------
---------------------------------------------------------------------------------------
NIVEL 2 :| pid : 14208 |
---------------------------------------------------------------------------------------
---------------------------------------------------------------------------------------
NIVEL 3 :
---------------------------------------------------------------------------------------
---------------------------------------------------------------------------------------
WAITING IO :
---------------------------------------------------------------------------------------

*-*-*-*-*-*-*-*-*-*-*-*-*-*-*-*-*-*-*-*-*-*-*-*-*-*-*-*-*-*-*-*-*-*-*-*-*-*-*-*-*--*-*-

PRIORITY QUEUES - CPU QUANTUM : 1 sec
---------------------------------------------------------------------------------------
NIVEL 1 :| pid : 14209 || pid : 14210 || pid : 14211 |
---------------------------------------------------------------------------------------
---------------------------------------------------------------------------------------
NIVEL 2 :| pid : 14208 |
---------------------------------------------------------------------------------------
---------------------------------------------------------------------------------------
NIVEL 3 :
---------------------------------------------------------------------------------------
---------------------------------------------------------------------------------------
WAITING IO :
---------------------------------------------------------------------------------------

*-*-*-*-*-*-*-*-*-*-*-*-*-*-*-*-*-*-*-*-*-*-*-*-*-*-*-*-*-*-*-*-*-*-*-*-*-*-*-*-*--*-*-

PRIORITY QUEUES - CPU QUANTUM : 1 sec
---------------------------------------------------------------------------------------
NIVEL 1 :| pid : 14210 || pid : 14211 |
---------------------------------------------------------------------------------------
---------------------------------------------------------------------------------------
NIVEL 2 :| pid : 14208 || pid : 14209 |
---------------------------------------------------------------------------------------
---------------------------------------------------------------------------------------
NIVEL 3 :
---------------------------------------------------------------------------------------
---------------------------------------------------------------------------------------
WAITING IO :
---------------------------------------------------------------------------------------

*-*-*-*-*-*-*-*-*-*-*-*-*-*-*-*-*-*-*-*-*-*-*-*-*-*-*-*-*-*-*-*-*-*-*-*-*-*-*-*-*--*-*-

PRIORITY QUEUES - CPU QUANTUM : 1 sec
---------------------------------------------------------------------------------------
NIVEL 1 :| pid : 14210 || pid : 14211 |
---------------------------------------------------------------------------------------
---------------------------------------------------------------------------------------
NIVEL 2 :| pid : 14208 || pid : 14209 |
---------------------------------------------------------------------------------------
---------------------------------------------------------------------------------------
NIVEL 3 :
---------------------------------------------------------------------------------------
---------------------------------------------------------------------------------------
WAITING IO :
---------------------------------------------------------------------------------------

*-*-*-*-*-*-*-*-*-*-*-*-*-*-*-*-*-*-*-*-*-*-*-*-*-*-*-*-*-*-*-*-*-*-*-*-*-*-*-*-*--*-*-

PRIORITY QUEUES - CPU QUANTUM : 1 sec
---------------------------------------------------------------------------------------
NIVEL 1 :| pid : 14211 |
---------------------------------------------------------------------------------------
---------------------------------------------------------------------------------------
NIVEL 2 :| pid : 14208 || pid : 14209 || pid : 14210 |
---------------------------------------------------------------------------------------
---------------------------------------------------------------------------------------
NIVEL 3 :
---------------------------------------------------------------------------------------
---------------------------------------------------------------------------------------
WAITING IO :
---------------------------------------------------------------------------------------

*-*-*-*-*-*-*-*-*-*-*-*-*-*-*-*-*-*-*-*-*-*-*-*-*-*-*-*-*-*-*-*-*-*-*-*-*-*-*-*-*--*-*-

PRIORITY QUEUES - CPU QUANTUM : 1 sec
---------------------------------------------------------------------------------------
NIVEL 1 :| pid : 14211 |
---------------------------------------------------------------------------------------
---------------------------------------------------------------------------------------
NIVEL 2 :| pid : 14208 || pid : 14209 || pid : 14210 |
---------------------------------------------------------------------------------------
---------------------------------------------------------------------------------------
NIVEL 3 :
---------------------------------------------------------------------------------------
---------------------------------------------------------------------------------------
WAITING IO :
---------------------------------------------------------------------------------------

*-*-*-*-*-*-*-*-*-*-*-*-*-*-*-*-*-*-*-*-*-*-*-*-*-*-*-*-*-*-*-*-*-*-*-*-*-*-*-*-*--*-*-

PRIORITY QUEUES - CPU QUANTUM : 1 sec
---------------------------------------------------------------------------------------
NIVEL 1 :
---------------------------------------------------------------------------------------
---------------------------------------------------------------------------------------
NIVEL 2 :| pid : 14208 || pid : 14209 || pid : 14210 || pid : 14211 |
---------------------------------------------------------------------------------------
---------------------------------------------------------------------------------------
NIVEL 3 :
---------------------------------------------------------------------------------------
---------------------------------------------------------------------------------------
WAITING IO :
---------------------------------------------------------------------------------------

*-*-*-*-*-*-*-*-*-*-*-*-*-*-*-*-*-*-*-*-*-*-*-*-*-*-*-*-*-*-*-*-*-*-*-*-*-*-*-*-*--*-*-

PRIORITY QUEUES - CPU QUANTUM : 1 sec
---------------------------------------------------------------------------------------
NIVEL 1 :
---------------------------------------------------------------------------------------
---------------------------------------------------------------------------------------
NIVEL 2 :| pid : 14208 || pid : 14209 || pid : 14210 || pid : 14211 |
---------------------------------------------------------------------------------------
---------------------------------------------------------------------------------------
NIVEL 3 :
---------------------------------------------------------------------------------------
---------------------------------------------------------------------------------------
WAITING IO :
---------------------------------------------------------------------------------------

*-*-*-*-*-*-*-*-*-*-*-*-*-*-*-*-*-*-*-*-*-*-*-*-*-*-*-*-*-*-*-*-*-*-*-*-*-*-*-*-*--*-*-

PRIORITY QUEUES - CPU QUANTUM : 1 sec
---------------------------------------------------------------------------------------
NIVEL 1 :
---------------------------------------------------------------------------------------
---------------------------------------------------------------------------------------
NIVEL 2 :| pid : 14209 || pid : 14210 || pid : 14211 |
---------------------------------------------------------------------------------------
---------------------------------------------------------------------------------------
NIVEL 3 :
---------------------------------------------------------------------------------------
---------------------------------------------------------------------------------------
WAITING IO :| pid : 14208 |
---------------------------------------------------------------------------------------

*-*-*-*-*-*-*-*-*-*-*-*-*-*-*-*-*-*-*-*-*-*-*-*-*-*-*-*-*-*-*-*-*-*-*-*-*-*-*-*-*--*-*-

PRIORITY QUEUES - CPU QUANTUM : 1 sec
---------------------------------------------------------------------------------------
NIVEL 1 :
---------------------------------------------------------------------------------------
---------------------------------------------------------------------------------------
NIVEL 2 :| pid : 14209 || pid : 14210 || pid : 14211 |
---------------------------------------------------------------------------------------
---------------------------------------------------------------------------------------
NIVEL 3 :
---------------------------------------------------------------------------------------
---------------------------------------------------------------------------------------
WAITING IO :| pid : 14208 |
---------------------------------------------------------------------------------------

*-*-*-*-*-*-*-*-*-*-*-*-*-*-*-*-*-*-*-*-*-*-*-*-*-*-*-*-*-*-*-*-*-*-*-*-*-*-*-*-*--*-*-

PRIORITY QUEUES - CPU QUANTUM : 1 sec
---------------------------------------------------------------------------------------
NIVEL 1 :
---------------------------------------------------------------------------------------
---------------------------------------------------------------------------------------
NIVEL 2 :| pid : 14209 || pid : 14210 || pid : 14211 |
---------------------------------------------------------------------------------------
---------------------------------------------------------------------------------------
NIVEL 3 :
---------------------------------------------------------------------------------------
---------------------------------------------------------------------------------------
WAITING IO :| pid : 14208 |
---------------------------------------------------------------------------------------

*-*-*-*-*-*-*-*-*-*-*-*-*-*-*-*-*-*-*-*-*-*-*-*-*-*-*-*-*-*-*-*-*-*-*-*-*-*-*-*-*--*-*-

PRIORITY QUEUES - CPU QUANTUM : 1 sec
---------------------------------------------------------------------------------------
NIVEL 1 :
---------------------------------------------------------------------------------------
---------------------------------------------------------------------------------------
NIVEL 2 :| pid : 14210 || pid : 14211 |
---------------------------------------------------------------------------------------
---------------------------------------------------------------------------------------
NIVEL 3 :| pid : 14209 |
---------------------------------------------------------------------------------------
---------------------------------------------------------------------------------------
WAITING IO :| pid : 14208 |
---------------------------------------------------------------------------------------

*-*-*-*-*-*-*-*-*-*-*-*-*-*-*-*-*-*-*-*-*-*-*-*-*-*-*-*-*-*-*-*-*-*-*-*-*-*-*-*-*--*-*-

PRIORITY QUEUES - CPU QUANTUM : 1 sec
---------------------------------------------------------------------------------------
NIVEL 1 :
---------------------------------------------------------------------------------------
---------------------------------------------------------------------------------------
NIVEL 2 :| pid : 14210 || pid : 14211 |
---------------------------------------------------------------------------------------
---------------------------------------------------------------------------------------
NIVEL 3 :| pid : 14209 |
---------------------------------------------------------------------------------------
---------------------------------------------------------------------------------------
WAITING IO :| pid : 14208 |
---------------------------------------------------------------------------------------

*-*-*-*-*-*-*-*-*-*-*-*-*-*-*-*-*-*-*-*-*-*-*-*-*-*-*-*-*-*-*-*-*-*-*-*-*-*-*-*-*--*-*-

PRIORITY QUEUES - CPU QUANTUM : 1 sec
---------------------------------------------------------------------------------------
NIVEL 1 :| pid : 14208 |
---------------------------------------------------------------------------------------
---------------------------------------------------------------------------------------
NIVEL 2 :| pid : 14210 || pid : 14211 |
---------------------------------------------------------------------------------------
---------------------------------------------------------------------------------------
NIVEL 3 :| pid : 14209 |
---------------------------------------------------------------------------------------
---------------------------------------------------------------------------------------
WAITING IO :
---------------------------------------------------------------------------------------

*-*-*-*-*-*-*-*-*-*-*-*-*-*-*-*-*-*-*-*-*-*-*-*-*-*-*-*-*-*-*-*-*-*-*-*-*-*-*-*-*--*-*-

PRIORITY QUEUES - CPU QUANTUM : 1 sec
---------------------------------------------------------------------------------------
NIVEL 1 :| pid : 14208 |
---------------------------------------------------------------------------------------
---------------------------------------------------------------------------------------
NIVEL 2 :| pid : 14210 || pid : 14211 |
---------------------------------------------------------------------------------------
---------------------------------------------------------------------------------------
NIVEL 3 :| pid : 14209 |
---------------------------------------------------------------------------------------
---------------------------------------------------------------------------------------
WAITING IO :
---------------------------------------------------------------------------------------

*-*-*-*-*-*-*-*-*-*-*-*-*-*-*-*-*-*-*-*-*-*-*-*-*-*-*-*-*-*-*-*-*-*-*-*-*-*-*-*-*--*-*-

PRIORITY QUEUES - CPU QUANTUM : 1 sec
---------------------------------------------------------------------------------------
NIVEL 1 :| pid : 14208 |
---------------------------------------------------------------------------------------
---------------------------------------------------------------------------------------
NIVEL 2 :| pid : 14210 || pid : 14211 |
---------------------------------------------------------------------------------------
---------------------------------------------------------------------------------------
NIVEL 3 :| pid : 14209 |
---------------------------------------------------------------------------------------
---------------------------------------------------------------------------------------
WAITING IO :
---------------------------------------------------------------------------------------

*-*-*-*-*-*-*-*-*-*-*-*-*-*-*-*-*-*-*-*-*-*-*-*-*-*-*-*-*-*-*-*-*-*-*-*-*-*-*-*-*--*-*-

PRIORITY QUEUES - CPU QUANTUM : 1 sec
---------------------------------------------------------------------------------------
NIVEL 1 :| pid : 14208 |
---------------------------------------------------------------------------------------
---------------------------------------------------------------------------------------
NIVEL 2 :| pid : 14211 |
---------------------------------------------------------------------------------------
---------------------------------------------------------------------------------------
NIVEL 3 :| pid : 14209 || pid : 14210 |
---------------------------------------------------------------------------------------
---------------------------------------------------------------------------------------
WAITING IO :
---------------------------------------------------------------------------------------

*-*-*-*-*-*-*-*-*-*-*-*-*-*-*-*-*-*-*-*-*-*-*-*-*-*-*-*-*-*-*-*-*-*-*-*-*-*-*-*-*--*-*-

PRIORITY QUEUES - CPU QUANTUM : 1 sec
---------------------------------------------------------------------------------------
NIVEL 1 :| pid : 14208 |
---------------------------------------------------------------------------------------
---------------------------------------------------------------------------------------
NIVEL 2 :| pid : 14211 |
---------------------------------------------------------------------------------------
---------------------------------------------------------------------------------------
NIVEL 3 :| pid : 14209 || pid : 14210 |
---------------------------------------------------------------------------------------
---------------------------------------------------------------------------------------
WAITING IO :
---------------------------------------------------------------------------------------

*-*-*-*-*-*-*-*-*-*-*-*-*-*-*-*-*-*-*-*-*-*-*-*-*-*-*-*-*-*-*-*-*-*-*-*-*-*-*-*-*--*-*-

PRIORITY QUEUES - CPU QUANTUM : 1 sec
---------------------------------------------------------------------------------------
NIVEL 1 :
---------------------------------------------------------------------------------------
---------------------------------------------------------------------------------------
NIVEL 2 :| pid : 14211 || pid : 14208 |
---------------------------------------------------------------------------------------
---------------------------------------------------------------------------------------
NIVEL 3 :| pid : 14209 || pid : 14210 |
---------------------------------------------------------------------------------------
---------------------------------------------------------------------------------------
WAITING IO :
---------------------------------------------------------------------------------------

*-*-*-*-*-*-*-*-*-*-*-*-*-*-*-*-*-*-*-*-*-*-*-*-*-*-*-*-*-*-*-*-*-*-*-*-*-*-*-*-*--*-*-

PRIORITY QUEUES - CPU QUANTUM : 1 sec
---------------------------------------------------------------------------------------
NIVEL 1 :
---------------------------------------------------------------------------------------
---------------------------------------------------------------------------------------
NIVEL 2 :| pid : 14211 || pid : 14208 |
---------------------------------------------------------------------------------------
---------------------------------------------------------------------------------------
NIVEL 3 :| pid : 14209 || pid : 14210 |
---------------------------------------------------------------------------------------
---------------------------------------------------------------------------------------
WAITING IO :
---------------------------------------------------------------------------------------

*-*-*-*-*-*-*-*-*-*-*-*-*-*-*-*-*-*-*-*-*-*-*-*-*-*-*-*-*-*-*-*-*-*-*-*-*-*-*-*-*--*-*-

PRIORITY QUEUES - CPU QUANTUM : 1 sec
---------------------------------------------------------------------------------------
NIVEL 1 :
---------------------------------------------------------------------------------------
---------------------------------------------------------------------------------------
NIVEL 2 :| pid : 14211 || pid : 14208 |
---------------------------------------------------------------------------------------
---------------------------------------------------------------------------------------
NIVEL 3 :| pid : 14209 || pid : 14210 |
---------------------------------------------------------------------------------------
---------------------------------------------------------------------------------------
WAITING IO :
---------------------------------------------------------------------------------------

*-*-*-*-*-*-*-*-*-*-*-*-*-*-*-*-*-*-*-*-*-*-*-*-*-*-*-*-*-*-*-*-*-*-*-*-*-*-*-*-*--*-*-

PRIORITY QUEUES - CPU QUANTUM : 1 sec
---------------------------------------------------------------------------------------
NIVEL 1 :
---------------------------------------------------------------------------------------
---------------------------------------------------------------------------------------
NIVEL 2 :| pid : 14208 |
---------------------------------------------------------------------------------------
---------------------------------------------------------------------------------------
NIVEL 3 :| pid : 14209 || pid : 14210 || pid : 14211 |
---------------------------------------------------------------------------------------
---------------------------------------------------------------------------------------
WAITING IO :
---------------------------------------------------------------------------------------

*-*-*-*-*-*-*-*-*-*-*-*-*-*-*-*-*-*-*-*-*-*-*-*-*-*-*-*-*-*-*-*-*-*-*-*-*-*-*-*-*--*-*-

PRIORITY QUEUES - CPU QUANTUM : 1 sec
---------------------------------------------------------------------------------------
NIVEL 1 :
---------------------------------------------------------------------------------------
---------------------------------------------------------------------------------------
NIVEL 2 :
---------------------------------------------------------------------------------------
---------------------------------------------------------------------------------------
NIVEL 3 :| pid : 14209 || pid : 14210 || pid : 14211 |
---------------------------------------------------------------------------------------
---------------------------------------------------------------------------------------
WAITING IO :| pid : 14208 |
---------------------------------------------------------------------------------------

*-*-*-*-*-*-*-*-*-*-*-*-*-*-*-*-*-*-*-*-*-*-*-*-*-*-*-*-*-*-*-*-*-*-*-*-*-*-*-*-*--*-*-

PRIORITY QUEUES - CPU QUANTUM : 1 sec
---------------------------------------------------------------------------------------
NIVEL 1 :
---------------------------------------------------------------------------------------
---------------------------------------------------------------------------------------
NIVEL 2 :
---------------------------------------------------------------------------------------
---------------------------------------------------------------------------------------
NIVEL 3 :| pid : 14209 || pid : 14210 || pid : 14211 |
---------------------------------------------------------------------------------------
---------------------------------------------------------------------------------------
WAITING IO :| pid : 14208 |
---------------------------------------------------------------------------------------

*-*-*-*-*-*-*-*-*-*-*-*-*-*-*-*-*-*-*-*-*-*-*-*-*-*-*-*-*-*-*-*-*-*-*-*-*-*-*-*-*--*-*-

PRIORITY QUEUES - CPU QUANTUM : 1 sec
---------------------------------------------------------------------------------------
NIVEL 1 :
---------------------------------------------------------------------------------------
---------------------------------------------------------------------------------------
NIVEL 2 :
---------------------------------------------------------------------------------------
---------------------------------------------------------------------------------------
NIVEL 3 :| pid : 14209 || pid : 14210 || pid : 14211 |
---------------------------------------------------------------------------------------
---------------------------------------------------------------------------------------
WAITING IO :| pid : 14208 |
---------------------------------------------------------------------------------------

*-*-*-*-*-*-*-*-*-*-*-*-*-*-*-*-*-*-*-*-*-*-*-*-*-*-*-*-*-*-*-*-*-*-*-*-*-*-*-*-*--*-*-

PRIORITY QUEUES - CPU QUANTUM : 1 sec
---------------------------------------------------------------------------------------
NIVEL 1 :
---------------------------------------------------------------------------------------
---------------------------------------------------------------------------------------
NIVEL 2 :
---------------------------------------------------------------------------------------
---------------------------------------------------------------------------------------
NIVEL 3 :| pid : 14210 || pid : 14211 |
---------------------------------------------------------------------------------------
---------------------------------------------------------------------------------------
WAITING IO :| pid : 14208 || pid : 14209 |
---------------------------------------------------------------------------------------

*-*-*-*-*-*-*-*-*-*-*-*-*-*-*-*-*-*-*-*-*-*-*-*-*-*-*-*-*-*-*-*-*-*-*-*-*-*-*-*-*--*-*-

PRIORITY QUEUES - CPU QUANTUM : 1 sec
---------------------------------------------------------------------------------------
NIVEL 1 :
---------------------------------------------------------------------------------------
---------------------------------------------------------------------------------------
NIVEL 2 :
---------------------------------------------------------------------------------------
---------------------------------------------------------------------------------------
NIVEL 3 :| pid : 14210 || pid : 14211 |
---------------------------------------------------------------------------------------
---------------------------------------------------------------------------------------
WAITING IO :| pid : 14208 || pid : 14209 |
---------------------------------------------------------------------------------------

*-*-*-*-*-*-*-*-*-*-*-*-*-*-*-*-*-*-*-*-*-*-*-*-*-*-*-*-*-*-*-*-*-*-*-*-*-*-*-*-*--*-*-

PRIORITY QUEUES - CPU QUANTUM : 1 sec
---------------------------------------------------------------------------------------
NIVEL 1 :
---------------------------------------------------------------------------------------
---------------------------------------------------------------------------------------
NIVEL 2 :
---------------------------------------------------------------------------------------
---------------------------------------------------------------------------------------
NIVEL 3 :| pid : 14210 || pid : 14211 |
---------------------------------------------------------------------------------------
---------------------------------------------------------------------------------------
WAITING IO :| pid : 14208 || pid : 14209 |
---------------------------------------------------------------------------------------

*-*-*-*-*-*-*-*-*-*-*-*-*-*-*-*-*-*-*-*-*-*-*-*-*-*-*-*-*-*-*-*-*-*-*-*-*-*-*-*-*--*-*-

PRIORITY QUEUES - CPU QUANTUM : 1 sec
---------------------------------------------------------------------------------------
NIVEL 1 :
---------------------------------------------------------------------------------------
---------------------------------------------------------------------------------------
NIVEL 2 :
---------------------------------------------------------------------------------------
---------------------------------------------------------------------------------------
NIVEL 3 :| pid : 14210 || pid : 14211 |
---------------------------------------------------------------------------------------
---------------------------------------------------------------------------------------
WAITING IO :| pid : 14208 || pid : 14209 |
---------------------------------------------------------------------------------------

*-*-*-*-*-*-*-*-*-*-*-*-*-*-*-*-*-*-*-*-*-*-*-*-*-*-*-*-*-*-*-*-*-*-*-*-*-*-*-*-*--*-*-

PRIORITY QUEUES - CPU QUANTUM : 1 sec
---------------------------------------------------------------------------------------
NIVEL 1 :| pid : 14208 |
---------------------------------------------------------------------------------------
---------------------------------------------------------------------------------------
NIVEL 2 :
---------------------------------------------------------------------------------------
---------------------------------------------------------------------------------------
NIVEL 3 :| pid : 14210 || pid : 14211 |
---------------------------------------------------------------------------------------
---------------------------------------------------------------------------------------
WAITING IO :| pid : 14209 |
---------------------------------------------------------------------------------------

*-*-*-*-*-*-*-*-*-*-*-*-*-*-*-*-*-*-*-*-*-*-*-*-*-*-*-*-*-*-*-*-*-*-*-*-*-*-*-*-*--*-*-

PRIORITY QUEUES - CPU QUANTUM : 1 sec
---------------------------------------------------------------------------------------
NIVEL 1 :| pid : 14208 |
---------------------------------------------------------------------------------------
---------------------------------------------------------------------------------------
NIVEL 2 :
---------------------------------------------------------------------------------------
---------------------------------------------------------------------------------------
NIVEL 3 :| pid : 14210 || pid : 14211 |
---------------------------------------------------------------------------------------
---------------------------------------------------------------------------------------
WAITING IO :| pid : 14209 |
---------------------------------------------------------------------------------------

*-*-*-*-*-*-*-*-*-*-*-*-*-*-*-*-*-*-*-*-*-*-*-*-*-*-*-*-*-*-*-*-*-*-*-*-*-*-*-*-*--*-*-

PRIORITY QUEUES - CPU QUANTUM : 1 sec
---------------------------------------------------------------------------------------
NIVEL 1 :| pid : 14208 |
---------------------------------------------------------------------------------------
---------------------------------------------------------------------------------------
NIVEL 2 :| pid : 14209 |
---------------------------------------------------------------------------------------
---------------------------------------------------------------------------------------
NIVEL 3 :| pid : 14210 || pid : 14211 |
---------------------------------------------------------------------------------------
---------------------------------------------------------------------------------------
WAITING IO :
---------------------------------------------------------------------------------------

*-*-*-*-*-*-*-*-*-*-*-*-*-*-*-*-*-*-*-*-*-*-*-*-*-*-*-*-*-*-*-*-*-*-*-*-*-*-*-*-*--*-*-

PRIORITY QUEUES - CPU QUANTUM : 1 sec
---------------------------------------------------------------------------------------
NIVEL 1 :| pid : 14208 |
---------------------------------------------------------------------------------------
---------------------------------------------------------------------------------------
NIVEL 2 :| pid : 14209 |
---------------------------------------------------------------------------------------
---------------------------------------------------------------------------------------
NIVEL 3 :| pid : 14210 || pid : 14211 |
---------------------------------------------------------------------------------------
---------------------------------------------------------------------------------------
WAITING IO :
---------------------------------------------------------------------------------------

*-*-*-*-*-*-*-*-*-*-*-*-*-*-*-*-*-*-*-*-*-*-*-*-*-*-*-*-*-*-*-*-*-*-*-*-*-*-*-*-*--*-*-

PRIORITY QUEUES - CPU QUANTUM : 1 sec
---------------------------------------------------------------------------------------
NIVEL 1 :| pid : 14208 |
---------------------------------------------------------------------------------------
---------------------------------------------------------------------------------------
NIVEL 2 :| pid : 14209 |
---------------------------------------------------------------------------------------
---------------------------------------------------------------------------------------
NIVEL 3 :| pid : 14210 || pid : 14211 |
---------------------------------------------------------------------------------------
---------------------------------------------------------------------------------------

*-*-*-*-*-*-*-*-*-*-*-*-*-*-*-*-*-*-*-*-*-*-*-*-*-*-*-*-*-*-*-*-*-*-*-*-*-*-*-*-*--*-*-

PRIORITY QUEUES - CPU QUANTUM : 1 sec
---------------------------------------------------------------------------------------
NIVEL 1 :| pid : 14208 |
---------------------------------------------------------------------------------------
---------------------------------------------------------------------------------------
NIVEL 2 :| pid : 14209 |
---------------------------------------------------------------------------------------
---------------------------------------------------------------------------------------
NIVEL 3 :| pid : 14211 |
---------------------------------------------------------------------------------------
---------------------------------------------------------------------------------------
WAITING IO :| pid : 14210 |
---------------------------------------------------------------------------------------

*-*-*-*-*-*-*-*-*-*-*-*-*-*-*-*-*-*-*-*-*-*-*-*-*-*-*-*-*-*-*-*-*-*-*-*-*-*-*-*-*--*-*-

PRIORITY QUEUES - CPU QUANTUM : 1 sec
---------------------------------------------------------------------------------------
NIVEL 1 :| pid : 14208 |
---------------------------------------------------------------------------------------
---------------------------------------------------------------------------------------
NIVEL 2 :| pid : 14209 |
---------------------------------------------------------------------------------------
---------------------------------------------------------------------------------------
NIVEL 3 :| pid : 14211 |
---------------------------------------------------------------------------------------
---------------------------------------------------------------------------------------
WAITING IO :| pid : 14210 |
---------------------------------------------------------------------------------------

---------------------------------------------------------------------------------------

*-*-*-*-*-*-*-*-*-*-*-*-*-*-*-*-*-*-*-*-*-*-*-*-*-*-*-*-*-*-*-*-*-*-*-*-*-*-*-*-*--*-*-

PRIORITY QUEUES - CPU QUANTUM : 1 sec
---------------------------------------------------------------------------------------
NIVEL 1 :
---------------------------------------------------------------------------------------
---------------------------------------------------------------------------------------
NIVEL 2 :| pid : 14209 || pid : 14208 |
---------------------------------------------------------------------------------------
---------------------------------------------------------------------------------------
NIVEL 3 :| pid : 14211 |
---------------------------------------------------------------------------------------
---------------------------------------------------------------------------------------
WAITING IO :| pid : 14210 |
---------------------------------------------------------------------------------------

*-*-*-*-*-*-*-*-*-*-*-*-*-*-*-*-*-*-*-*-*-*-*-*-*-*-*-*-*-*-*-*-*-*-*-*-*-*-*-*-*--*-*-

PRIORITY QUEUES - CPU QUANTUM : 1 sec
---------------------------------------------------------------------------------------
NIVEL 1 :
---------------------------------------------------------------------------------------
---------------------------------------------------------------------------------------
NIVEL 2 :| pid : 14209 || pid : 14208 |
---------------------------------------------------------------------------------------
---------------------------------------------------------------------------------------
NIVEL 3 :| pid : 14211 |
---------------------------------------------------------------------------------------
---------------------------------------------------------------------------------------
WAITING IO :| pid : 14210 |
---------------------------------------------------------------------------------------

*-*-*-*-*-*-*-*-*-*-*-*-*-*-*-*-*-*-*-*-*-*-*-*-*-*-*-*-*-*-*-*-*-*-*-*-*-*-*-*-*--*-*-

PRIORITY QUEUES - CPU QUANTUM : 1 sec
---------------------------------------------------------------------------------------
NIVEL 1 :
---------------------------------------------------------------------------------------
---------------------------------------------------------------------------------------
NIVEL 2 :| pid : 14209 || pid : 14208 |
---------------------------------------------------------------------------------------
---------------------------------------------------------------------------------------
NIVEL 3 :| pid : 14211 |
---------------------------------------------------------------------------------------
---------------------------------------------------------------------------------------
WAITING IO :| pid : 14210 |
---------------------------------------------------------------------------------------

*-*-*-*-*-*-*-*-*-*-*-*-*-*-*-*-*-*-*-*-*-*-*-*-*-*-*-*-*-*-*-*-*-*-*-*-*-*-*-*-*--*-*-

PRIORITY QUEUES - CPU QUANTUM : 1 sec
---------------------------------------------------------------------------------------
NIVEL 1 :
---------------------------------------------------------------------------------------
---------------------------------------------------------------------------------------
NIVEL 2 :| pid : 14209 || pid : 14208 || pid : 14210 |
---------------------------------------------------------------------------------------
---------------------------------------------------------------------------------------
NIVEL 3 :| pid : 14211 |
---------------------------------------------------------------------------------------
---------------------------------------------------------------------------------------
WAITING IO :
---------------------------------------------------------------------------------------

*-*-*-*-*-*-*-*-*-*-*-*-*-*-*-*-*-*-*-*-*-*-*-*-*-*-*-*-*-*-*-*-*-*-*-*-*-*-*-*-*--*-*-

PRIORITY QUEUES - CPU QUANTUM : 1 sec
---------------------------------------------------------------------------------------
NIVEL 1 :
---------------------------------------------------------------------------------------
---------------------------------------------------------------------------------------
NIVEL 2 :| pid : 14209 || pid : 14208 || pid : 14210 |
---------------------------------------------------------------------------------------
---------------------------------------------------------------------------------------
NIVEL 3 :| pid : 14211 |
---------------------------------------------------------------------------------------
---------------------------------------------------------------------------------------
WAITING IO :
---------------------------------------------------------------------------------------

*-*-*-*-*-*-*-*-*-*-*-*-*-*-*-*-*-*-*-*-*-*-*-*-*-*-*-*-*-*-*-*-*-*-*-*-*-*-*-*-*--*-*-

PRIORITY QUEUES - CPU QUANTUM : 1 sec
---------------------------------------------------------------------------------------
NIVEL 1 :
---------------------------------------------------------------------------------------
---------------------------------------------------------------------------------------
NIVEL 2 :| pid : 14208 || pid : 14210 |
---------------------------------------------------------------------------------------
---------------------------------------------------------------------------------------
NIVEL 3 :| pid : 14211 || pid : 14209 |
---------------------------------------------------------------------------------------
---------------------------------------------------------------------------------------
WAITING IO :
---------------------------------------------------------------------------------------

*-*-*-*-*-*-*-*-*-*-*-*-*-*-*-*-*-*-*-*-*-*-*-*-*-*-*-*-*-*-*-*-*-*-*-*-*-*-*-*-*--*-*-

PRIORITY QUEUES - CPU QUANTUM : 1 sec
---------------------------------------------------------------------------------------
NIVEL 1 :
---------------------------------------------------------------------------------------
---------------------------------------------------------------------------------------
NIVEL 2 :| pid : 14208 || pid : 14210 |
---------------------------------------------------------------------------------------
---------------------------------------------------------------------------------------
NIVEL 3 :| pid : 14211 || pid : 14209 |
---------------------------------------------------------------------------------------
---------------------------------------------------------------------------------------
WAITING IO :
---------------------------------------------------------------------------------------

*-*-*-*-*-*-*-*-*-*-*-*-*-*-*-*-*-*-*-*-*-*-*-*-*-*-*-*-*-*-*-*-*-*-*-*-*-*-*-*-*--*-*-

PRIORITY QUEUES - CPU QUANTUM : 1 sec
---------------------------------------------------------------------------------------
NIVEL 1 :
---------------------------------------------------------------------------------------
---------------------------------------------------------------------------------------
NIVEL 2 :| pid : 14210 |
---------------------------------------------------------------------------------------
---------------------------------------------------------------------------------------
NIVEL 3 :| pid : 14211 || pid : 14209 |
---------------------------------------------------------------------------------------
---------------------------------------------------------------------------------------
WAITING IO :| pid : 14208 |
---------------------------------------------------------------------------------------

*-*-*-*-*-*-*-*-*-*-*-*-*-*-*-*-*-*-*-*-*-*-*-*-*-*-*-*-*-*-*-*-*-*-*-*-*-*-*-*-*--*-*-

PRIORITY QUEUES - CPU QUANTUM : 1 sec
---------------------------------------------------------------------------------------
NIVEL 1 :
---------------------------------------------------------------------------------------
---------------------------------------------------------------------------------------
NIVEL 2 :| pid : 14210 |
---------------------------------------------------------------------------------------
---------------------------------------------------------------------------------------
NIVEL 3 :| pid : 14211 || pid : 14209 |
---------------------------------------------------------------------------------------
---------------------------------------------------------------------------------------
WAITING IO :| pid : 14208 |
---------------------------------------------------------------------------------------

*-*-*-*-*-*-*-*-*-*-*-*-*-*-*-*-*-*-*-*-*-*-*-*-*-*-*-*-*-*-*-*-*-*-*-*-*-*-*-*-*--*-*-

PRIORITY QUEUES - CPU QUANTUM : 1 sec
---------------------------------------------------------------------------------------
NIVEL 1 :
---------------------------------------------------------------------------------------
---------------------------------------------------------------------------------------
NIVEL 2 :| pid : 14210 |
---------------------------------------------------------------------------------------
---------------------------------------------------------------------------------------
NIVEL 3 :| pid : 14211 || pid : 14209 |
---------------------------------------------------------------------------------------
---------------------------------------------------------------------------------------
WAITING IO :| pid : 14208 |
---------------------------------------------------------------------------------------

*-*-*-*-*-*-*-*-*-*-*-*-*-*-*-*-*-*-*-*-*-*-*-*-*-*-*-*-*-*-*-*-*-*-*-*-*-*-*-*-*--*-*-

PRIORITY QUEUES - CPU QUANTUM : 1 sec
---------------------------------------------------------------------------------------
NIVEL 1 :
---------------------------------------------------------------------------------------
---------------------------------------------------------------------------------------
NIVEL 2 :
---------------------------------------------------------------------------------------
---------------------------------------------------------------------------------------
NIVEL 3 :| pid : 14211 || pid : 14209 || pid : 14210 |
---------------------------------------------------------------------------------------
---------------------------------------------------------------------------------------
WAITING IO :| pid : 14208 |
---------------------------------------------------------------------------------------

*-*-*-*-*-*-*-*-*-*-*-*-*-*-*-*-*-*-*-*-*-*-*-*-*-*-*-*-*-*-*-*-*-*-*-*-*-*-*-*-*--*-*-

PRIORITY QUEUES - CPU QUANTUM : 1 sec
---------------------------------------------------------------------------------------
NIVEL 1 :
---------------------------------------------------------------------------------------
---------------------------------------------------------------------------------------
NIVEL 2 :
---------------------------------------------------------------------------------------
---------------------------------------------------------------------------------------
NIVEL 3 :| pid : 14211 || pid : 14209 || pid : 14210 |
---------------------------------------------------------------------------------------
---------------------------------------------------------------------------------------
WAITING IO :| pid : 14208 |
---------------------------------------------------------------------------------------

*-*-*-*-*-*-*-*-*-*-*-*-*-*-*-*-*-*-*-*-*-*-*-*-*-*-*-*-*-*-*-*-*-*-*-*-*-*-*-*-*--*-*-

PRIORITY QUEUES - CPU QUANTUM : 1 sec
---------------------------------------------------------------------------------------
NIVEL 1 :| pid : 14208 |
---------------------------------------------------------------------------------------
---------------------------------------------------------------------------------------
NIVEL 2 :
---------------------------------------------------------------------------------------
---------------------------------------------------------------------------------------
NIVEL 3 :| pid : 14211 || pid : 14209 || pid : 14210 |
---------------------------------------------------------------------------------------
---------------------------------------------------------------------------------------
WAITING IO :
---------------------------------------------------------------------------------------

*-*-*-*-*-*-*-*-*-*-*-*-*-*-*-*-*-*-*-*-*-*-*-*-*-*-*-*-*-*-*-*-*-*-*-*-*-*-*-*-*--*-*-

PRIORITY QUEUES - CPU QUANTUM : 1 sec
---------------------------------------------------------------------------------------
NIVEL 1 :| pid : 14208 |
---------------------------------------------------------------------------------------
---------------------------------------------------------------------------------------
NIVEL 2 :
---------------------------------------------------------------------------------------
---------------------------------------------------------------------------------------
NIVEL 3 :| pid : 14211 || pid : 14209 || pid : 14210 |
---------------------------------------------------------------------------------------
---------------------------------------------------------------------------------------
WAITING IO :
---------------------------------------------------------------------------------------

*-*-*-*-*-*-*-*-*-*-*-*-*-*-*-*-*-*-*-*-*-*-*-*-*-*-*-*-*-*-*-*-*-*-*-*-*-*-*-*-*--*-*-

PRIORITY QUEUES - CPU QUANTUM : 1 sec
---------------------------------------------------------------------------------------
NIVEL 1 :| pid : 14208 |
---------------------------------------------------------------------------------------
---------------------------------------------------------------------------------------
NIVEL 2 :
---------------------------------------------------------------------------------------
---------------------------------------------------------------------------------------
NIVEL 3 :| pid : 14211 || pid : 14209 || pid : 14210 |
---------------------------------------------------------------------------------------
---------------------------------------------------------------------------------------
WAITING IO :
---------------------------------------------------------------------------------------

*-*-*-*-*-*-*-*-*-*-*-*-*-*-*-*-*-*-*-*-*-*-*-*-*-*-*-*-*-*-*-*-*-*-*-*-*-*-*-*-*--*-*-

PRIORITY QUEUES - CPU QUANTUM : 1 sec
---------------------------------------------------------------------------------------
NIVEL 1 :| pid : 14208 |
---------------------------------------------------------------------------------------
---------------------------------------------------------------------------------------
NIVEL 2 :
---------------------------------------------------------------------------------------
---------------------------------------------------------------------------------------
NIVEL 3 :| pid : 14211 || pid : 14209 || pid : 14210 |
---------------------------------------------------------------------------------------
---------------------------------------------------------------------------------------
WAITING IO :
---------------------------------------------------------------------------------------

*-*-*-*-*-*-*-*-*-*-*-*-*-*-*-*-*-*-*-*-*-*-*-*-*-*-*-*-*-*-*-*-*-*-*-*-*-*-*-*-*--*-*-

PRIORITY QUEUES - CPU QUANTUM : 1 sec
---------------------------------------------------------------------------------------
NIVEL 1 :| pid : 14208 |
---------------------------------------------------------------------------------------
---------------------------------------------------------------------------------------
NIVEL 2 :
---------------------------------------------------------------------------------------
---------------------------------------------------------------------------------------
NIVEL 3 :| pid : 14211 || pid : 14209 || pid : 14210 |
---------------------------------------------------------------------------------------
---------------------------------------------------------------------------------------
WAITING IO :
---------------------------------------------------------------------------------------

*-*-*-*-*-*-*-*-*-*-*-*-*-*-*-*-*-*-*-*-*-*-*-*-*-*-*-*-*-*-*-*-*-*-*-*-*-*-*-*-*--*-*-

PRIORITY QUEUES - CPU QUANTUM : 1 sec
---------------------------------------------------------------------------------------
NIVEL 1 :| pid : 14208 |
---------------------------------------------------------------------------------------
---------------------------------------------------------------------------------------
NIVEL 2 :
---------------------------------------------------------------------------------------
---------------------------------------------------------------------------------------
NIVEL 3 :| pid : 14209 || pid : 14210 || pid : 14211 |
---------------------------------------------------------------------------------------
---------------------------------------------------------------------------------------
WAITING IO :
---------------------------------------------------------------------------------------

*-*-*-*-*-*-*-*-*-*-*-*-*-*-*-*-*-*-*-*-*-*-*-*-*-*-*-*-*-*-*-*-*-*-*-*-*-*-*-*-*--*-*-

PRIORITY QUEUES - CPU QUANTUM : 1 sec
---------------------------------------------------------------------------------------
NIVEL 1 :| pid : 14208 |
---------------------------------------------------------------------------------------
---------------------------------------------------------------------------------------
NIVEL 2 :
---------------------------------------------------------------------------------------
---------------------------------------------------------------------------------------
NIVEL 3 :| pid : 14209 || pid : 14210 || pid : 14211 |
---------------------------------------------------------------------------------------
---------------------------------------------------------------------------------------
WAITING IO :
---------------------------------------------------------------------------------------

*-*-*-*-*-*-*-*-*-*-*-*-*-*-*-*-*-*-*-*-*-*-*-*-*-*-*-*-*-*-*-*-*-*-*-*-*-*-*-*-*--*-*-

PRIORITY QUEUES - CPU QUANTUM : 1 sec
---------------------------------------------------------------------------------------
NIVEL 1 :
---------------------------------------------------------------------------------------
---------------------------------------------------------------------------------------
NIVEL 2 :
---------------------------------------------------------------------------------------
---------------------------------------------------------------------------------------
NIVEL 3 :| pid : 14209 || pid : 14210 || pid : 14211 |
---------------------------------------------------------------------------------------
---------------------------------------------------------------------------------------
WAITING IO :
---------------------------------------------------------------------------------------

*-*-*-*-*-*-*-*-*-*-*-*-*-*-*-*-*-*-*-*-*-*-*-*-*-*-*-*-*-*-*-*-*-*-*-*-*-*-*-*-*--*-*-

PRIORITY QUEUES - CPU QUANTUM : 1 sec
---------------------------------------------------------------------------------------
NIVEL 1 :
---------------------------------------------------------------------------------------
---------------------------------------------------------------------------------------
NIVEL 2 :
---------------------------------------------------------------------------------------
---------------------------------------------------------------------------------------
NIVEL 3 :| pid : 14210 || pid : 14211 |
---------------------------------------------------------------------------------------
---------------------------------------------------------------------------------------
WAITING IO :| pid : 14209 |
---------------------------------------------------------------------------------------

*-*-*-*-*-*-*-*-*-*-*-*-*-*-*-*-*-*-*-*-*-*-*-*-*-*-*-*-*-*-*-*-*-*-*-*-*-*-*-*-*--*-*-

PRIORITY QUEUES - CPU QUANTUM : 1 sec
---------------------------------------------------------------------------------------
NIVEL 1 :
---------------------------------------------------------------------------------------
---------------------------------------------------------------------------------------
NIVEL 2 :
---------------------------------------------------------------------------------------
---------------------------------------------------------------------------------------
NIVEL 3 :| pid : 14210 || pid : 14211 |
---------------------------------------------------------------------------------------
---------------------------------------------------------------------------------------
WAITING IO :| pid : 14209 |
---------------------------------------------------------------------------------------

*-*-*-*-*-*-*-*-*-*-*-*-*-*-*-*-*-*-*-*-*-*-*-*-*-*-*-*-*-*-*-*-*-*-*-*-*-*-*-*-*--*-*-

PRIORITY QUEUES - CPU QUANTUM : 1 sec
---------------------------------------------------------------------------------------
NIVEL 1 :
---------------------------------------------------------------------------------------
---------------------------------------------------------------------------------------
NIVEL 2 :
---------------------------------------------------------------------------------------
---------------------------------------------------------------------------------------
NIVEL 3 :| pid : 14210 || pid : 14211 |
---------------------------------------------------------------------------------------
---------------------------------------------------------------------------------------
WAITING IO :| pid : 14209 |
---------------------------------------------------------------------------------------

*-*-*-*-*-*-*-*-*-*-*-*-*-*-*-*-*-*-*-*-*-*-*-*-*-*-*-*-*-*-*-*-*-*-*-*-*-*-*-*-*--*-*-

PRIORITY QUEUES - CPU QUANTUM : 1 sec
---------------------------------------------------------------------------------------
NIVEL 1 :
---------------------------------------------------------------------------------------
---------------------------------------------------------------------------------------
NIVEL 2 :
---------------------------------------------------------------------------------------
---------------------------------------------------------------------------------------
NIVEL 3 :| pid : 14210 || pid : 14211 |
---------------------------------------------------------------------------------------
---------------------------------------------------------------------------------------
WAITING IO :| pid : 14209 |
---------------------------------------------------------------------------------------

*-*-*-*-*-*-*-*-*-*-*-*-*-*-*-*-*-*-*-*-*-*-*-*-*-*-*-*-*-*-*-*-*-*-*-*-*-*-*-*-*--*-*-

PRIORITY QUEUES - CPU QUANTUM : 1 sec
---------------------------------------------------------------------------------------
NIVEL 1 :
---------------------------------------------------------------------------------------
---------------------------------------------------------------------------------------
NIVEL 2 :
---------------------------------------------------------------------------------------
---------------------------------------------------------------------------------------
NIVEL 3 :| pid : 14211 |
---------------------------------------------------------------------------------------
---------------------------------------------------------------------------------------
WAITING IO :| pid : 14209 || pid : 14210 |
---------------------------------------------------------------------------------------

*-*-*-*-*-*-*-*-*-*-*-*-*-*-*-*-*-*-*-*-*-*-*-*-*-*-*-*-*-*-*-*-*-*-*-*-*-*-*-*-*--*-*-

PRIORITY QUEUES - CPU QUANTUM : 1 sec
---------------------------------------------------------------------------------------
NIVEL 1 :
---------------------------------------------------------------------------------------
---------------------------------------------------------------------------------------
NIVEL 2 :
---------------------------------------------------------------------------------------
---------------------------------------------------------------------------------------
NIVEL 3 :| pid : 14211 |
---------------------------------------------------------------------------------------
---------------------------------------------------------------------------------------
WAITING IO :| pid : 14209 || pid : 14210 |
---------------------------------------------------------------------------------------

*-*-*-*-*-*-*-*-*-*-*-*-*-*-*-*-*-*-*-*-*-*-*-*-*-*-*-*-*-*-*-*-*-*-*-*-*-*-*-*-*--*-*-

PRIORITY QUEUES - CPU QUANTUM : 1 sec
---------------------------------------------------------------------------------------
NIVEL 1 :
---------------------------------------------------------------------------------------
---------------------------------------------------------------------------------------
NIVEL 2 :
---------------------------------------------------------------------------------------
---------------------------------------------------------------------------------------
NIVEL 3 :
---------------------------------------------------------------------------------------
---------------------------------------------------------------------------------------
WAITING IO :| pid : 14209 || pid : 14210 || pid : 14211 |
---------------------------------------------------------------------------------------

*-*-*-*-*-*-*-*-*-*-*-*-*-*-*-*-*-*-*-*-*-*-*-*-*-*-*-*-*-*-*-*-*-*-*-*-*-*-*-*-*--*-*-

PRIORITY QUEUES - CPU QUANTUM : 1 sec
---------------------------------------------------------------------------------------
NIVEL 1 :
---------------------------------------------------------------------------------------
---------------------------------------------------------------------------------------
NIVEL 2 :
---------------------------------------------------------------------------------------
---------------------------------------------------------------------------------------
NIVEL 3 :
---------------------------------------------------------------------------------------
---------------------------------------------------------------------------------------
WAITING IO :| pid : 14209 || pid : 14210 || pid : 14211 |
---------------------------------------------------------------------------------------

*-*-*-*-*-*-*-*-*-*-*-*-*-*-*-*-*-*-*-*-*-*-*-*-*-*-*-*-*-*-*-*-*-*-*-*-*-*-*-*-*--*-*-

PRIORITY QUEUES - CPU QUANTUM : 1 sec
---------------------------------------------------------------------------------------
NIVEL 1 :
---------------------------------------------------------------------------------------
---------------------------------------------------------------------------------------
NIVEL 2 :| pid : 14209 |
---------------------------------------------------------------------------------------
---------------------------------------------------------------------------------------
NIVEL 3 :
---------------------------------------------------------------------------------------
---------------------------------------------------------------------------------------
WAITING IO :| pid : 14210 || pid : 14211 |
---------------------------------------------------------------------------------------

*-*-*-*-*-*-*-*-*-*-*-*-*-*-*-*-*-*-*-*-*-*-*-*-*-*-*-*-*-*-*-*-*-*-*-*-*-*-*-*-*--*-*-

PRIORITY QUEUES - CPU QUANTUM : 1 sec
---------------------------------------------------------------------------------------
NIVEL 1 :
---------------------------------------------------------------------------------------
---------------------------------------------------------------------------------------
NIVEL 2 :| pid : 14209 |
---------------------------------------------------------------------------------------
---------------------------------------------------------------------------------------
NIVEL 3 :
---------------------------------------------------------------------------------------
---------------------------------------------------------------------------------------
WAITING IO :| pid : 14210 || pid : 14211 |
---------------------------------------------------------------------------------------

*-*-*-*-*-*-*-*-*-*-*-*-*-*-*-*-*-*-*-*-*-*-*-*-*-*-*-*-*-*-*-*-*-*-*-*-*-*-*-*-*--*-*-

PRIORITY QUEUES - CPU QUANTUM : 1 sec
---------------------------------------------------------------------------------------
NIVEL 1 :
---------------------------------------------------------------------------------------
---------------------------------------------------------------------------------------
NIVEL 2 :| pid : 14209 |
---------------------------------------------------------------------------------------
---------------------------------------------------------------------------------------
NIVEL 3 :
---------------------------------------------------------------------------------------
---------------------------------------------------------------------------------------
WAITING IO :| pid : 14210 || pid : 14211 |
---------------------------------------------------------------------------------------

*-*-*-*-*-*-*-*-*-*-*-*-*-*-*-*-*-*-*-*-*-*-*-*-*-*-*-*-*-*-*-*-*-*-*-*-*-*-*-*-*--*-*-

PRIORITY QUEUES - CPU QUANTUM : 1 sec
---------------------------------------------------------------------------------------
NIVEL 1 :
---------------------------------------------------------------------------------------
---------------------------------------------------------------------------------------
NIVEL 2 :| pid : 14209 |
---------------------------------------------------------------------------------------
---------------------------------------------------------------------------------------
NIVEL 3 :
---------------------------------------------------------------------------------------
---------------------------------------------------------------------------------------
WAITING IO :| pid : 14210 || pid : 14211 |
---------------------------------------------------------------------------------------

*-*-*-*-*-*-*-*-*-*-*-*-*-*-*-*-*-*-*-*-*-*-*-*-*-*-*-*-*-*-*-*-*-*-*-*-*-*-*-*-*--*-*-

PRIORITY QUEUES - CPU QUANTUM : 1 sec
---------------------------------------------------------------------------------------
NIVEL 1 :
---------------------------------------------------------------------------------------
---------------------------------------------------------------------------------------
NIVEL 2 :| pid : 14209 || pid : 14210 |
---------------------------------------------------------------------------------------
---------------------------------------------------------------------------------------
NIVEL 3 :
---------------------------------------------------------------------------------------
---------------------------------------------------------------------------------------
WAITING IO :| pid : 14211 |
---------------------------------------------------------------------------------------

*-*-*-*-*-*-*-*-*-*-*-*-*-*-*-*-*-*-*-*-*-*-*-*-*-*-*-*-*-*-*-*-*-*-*-*-*-*-*-*-*--*-*-

PRIORITY QUEUES - CPU QUANTUM : 1 sec
---------------------------------------------------------------------------------------
NIVEL 1 :
---------------------------------------------------------------------------------------
---------------------------------------------------------------------------------------
NIVEL 2 :| pid : 14209 || pid : 14210 |
---------------------------------------------------------------------------------------
---------------------------------------------------------------------------------------
NIVEL 3 :
---------------------------------------------------------------------------------------
---------------------------------------------------------------------------------------
WAITING IO :| pid : 14211 |
---------------------------------------------------------------------------------------

*-*-*-*-*-*-*-*-*-*-*-*-*-*-*-*-*-*-*-*-*-*-*-*-*-*-*-*-*-*-*-*-*-*-*-*-*-*-*-*-*--*-*-

PRIORITY QUEUES - CPU QUANTUM : 1 sec
---------------------------------------------------------------------------------------
NIVEL 1 :
---------------------------------------------------------------------------------------
---------------------------------------------------------------------------------------
NIVEL 2 :| pid : 14209 || pid : 14210 || pid : 14211 |
---------------------------------------------------------------------------------------
---------------------------------------------------------------------------------------
NIVEL 3 :
---------------------------------------------------------------------------------------
---------------------------------------------------------------------------------------
WAITING IO :
---------------------------------------------------------------------------------------

*-*-*-*-*-*-*-*-*-*-*-*-*-*-*-*-*-*-*-*-*-*-*-*-*-*-*-*-*-*-*-*-*-*-*-*-*-*-*-*-*--*-*-

PRIORITY QUEUES - CPU QUANTUM : 1 sec
---------------------------------------------------------------------------------------
NIVEL 1 :
---------------------------------------------------------------------------------------
---------------------------------------------------------------------------------------
NIVEL 2 :| pid : 14209 || pid : 14210 || pid : 14211 |
---------------------------------------------------------------------------------------
---------------------------------------------------------------------------------------
NIVEL 3 :
---------------------------------------------------------------------------------------
---------------------------------------------------------------------------------------
WAITING IO :
---------------------------------------------------------------------------------------

*-*-*-*-*-*-*-*-*-*-*-*-*-*-*-*-*-*-*-*-*-*-*-*-*-*-*-*-*-*-*-*-*-*-*-*-*-*-*-*-*--*-*-

PRIORITY QUEUES - CPU QUANTUM : 1 sec
---------------------------------------------------------------------------------------
NIVEL 1 :
---------------------------------------------------------------------------------------
---------------------------------------------------------------------------------------
NIVEL 2 :| pid : 14209 || pid : 14210 || pid : 14211 |
---------------------------------------------------------------------------------------
---------------------------------------------------------------------------------------
NIVEL 3 :
---------------------------------------------------------------------------------------
---------------------------------------------------------------------------------------
WAITING IO :
---------------------------------------------------------------------------------------

*-*-*-*-*-*-*-*-*-*-*-*-*-*-*-*-*-*-*-*-*-*-*-*-*-*-*-*-*-*-*-*-*-*-*-*-*-*-*-*-*--*-*-

PRIORITY QUEUES - CPU QUANTUM : 1 sec
---------------------------------------------------------------------------------------
NIVEL 1 :
---------------------------------------------------------------------------------------
---------------------------------------------------------------------------------------
NIVEL 2 :| pid : 14210 || pid : 14211 |
---------------------------------------------------------------------------------------
---------------------------------------------------------------------------------------
NIVEL 3 :| pid : 14209 |
---------------------------------------------------------------------------------------
---------------------------------------------------------------------------------------
WAITING IO :
---------------------------------------------------------------------------------------

*-*-*-*-*-*-*-*-*-*-*-*-*-*-*-*-*-*-*-*-*-*-*-*-*-*-*-*-*-*-*-*-*-*-*-*-*-*-*-*-*--*-*-

PRIORITY QUEUES - CPU QUANTUM : 1 sec
---------------------------------------------------------------------------------------
NIVEL 1 :
---------------------------------------------------------------------------------------
---------------------------------------------------------------------------------------
NIVEL 2 :| pid : 14210 || pid : 14211 |
---------------------------------------------------------------------------------------
---------------------------------------------------------------------------------------
NIVEL 3 :| pid : 14209 |
---------------------------------------------------------------------------------------
---------------------------------------------------------------------------------------
WAITING IO :
---------------------------------------------------------------------------------------

*-*-*-*-*-*-*-*-*-*-*-*-*-*-*-*-*-*-*-*-*-*-*-*-*-*-*-*-*-*-*-*-*-*-*-*-*-*-*-*-*--*-*-

PRIORITY QUEUES - CPU QUANTUM : 1 sec
---------------------------------------------------------------------------------------
NIVEL 1 :
---------------------------------------------------------------------------------------
---------------------------------------------------------------------------------------
NIVEL 2 :| pid : 14211 |
---------------------------------------------------------------------------------------
---------------------------------------------------------------------------------------
NIVEL 3 :| pid : 14209 |
---------------------------------------------------------------------------------------
---------------------------------------------------------------------------------------
WAITING IO :
---------------------------------------------------------------------------------------

*-*-*-*-*-*-*-*-*-*-*-*-*-*-*-*-*-*-*-*-*-*-*-*-*-*-*-*-*-*-*-*-*-*-*-*-*-*-*-*-*--*-*-

PRIORITY QUEUES - CPU QUANTUM : 1 sec
---------------------------------------------------------------------------------------
NIVEL 1 :
---------------------------------------------------------------------------------------
---------------------------------------------------------------------------------------
NIVEL 2 :| pid : 14211 |
---------------------------------------------------------------------------------------
---------------------------------------------------------------------------------------
NIVEL 3 :| pid : 14209 |
---------------------------------------------------------------------------------------
---------------------------------------------------------------------------------------
WAITING IO :
---------------------------------------------------------------------------------------

*-*-*-*-*-*-*-*-*-*-*-*-*-*-*-*-*-*-*-*-*-*-*-*-*-*-*-*-*-*-*-*-*-*-*-*-*-*-*-*-*--*-*-

PRIORITY QUEUES - CPU 4
QUANTUM : 1 sec
---------------------------------------------------------------------------------------
NIVEL 1 :
---------------------------------------------------------------------------------------
---------------------------------------------------------------------------------------
NIVEL 2 :
---------------------------------------------------------------------------------------
---------------------------------------------------------------------------------------
NIVEL 3 :| pid : 14209 || pid : 14211 |
---------------------------------------------------------------------------------------
---------------------------------------------------------------------------------------
WAITING IO :
---------------------------------------------------------------------------------------

*-*-*-*-*-*-*-*-*-*-*-*-*-*-*-*-*-*-*-*-*-*-*-*-*-*-*-*-*-*-*-*-*-*-*-*-*-*-*-*-*--*-*-

PRIORITY QUEUES - CPU QUANTUM : 1 sec
---------------------------------------------------------------------------------------
NIVEL 1 :
---------------------------------------------------------------------------------------
---------------------------------------------------------------------------------------
NIVEL 2 :
---------------------------------------------------------------------------------------
---------------------------------------------------------------------------------------
NIVEL 3 :| pid : 14209 || pid : 14211 |
---------------------------------------------------------------------------------------
---------------------------------------------------------------------------------------
WAITING IO :
---------------------------------------------------------------------------------------

*-*-*-*-*-*-*-*-*-*-*-*-*-*-*-*-*-*-*-*-*-*-*-*-*-*-*-*-*-*-*-*-*-*-*-*-*-*-*-*-*--*-*-

PRIORITY QUEUES - CPU QUANTUM : 1 sec
---------------------------------------------------------------------------------------
NIVEL 1 :
---------------------------------------------------------------------------------------
---------------------------------------------------------------------------------------
NIVEL 2 :
---------------------------------------------------------------------------------------
---------------------------------------------------------------------------------------
NIVEL 3 :| pid : 14211 |
---------------------------------------------------------------------------------------
---------------------------------------------------------------------------------------
WAITING IO :
---------------------------------------------------------------------------------------

*-*-*-*-*-*-*-*-*-*-*-*-*-*-*-*-*-*-*-*-*-*-*-*-*-*-*-*-*-*-*-*-*-*-*-*-*-*-*-*-*--*-*-

PRIORITY QUEUES - CPU QUANTUM : 1 sec
---------------------------------------------------------------------------------------
NIVEL 1 :
---------------------------------------------------------------------------------------
---------------------------------------------------------------------------------------
NIVEL 2 :
---------------------------------------------------------------------------------------
---------------------------------------------------------------------------------------
NIVEL 3 :| pid : 14211 |
---------------------------------------------------------------------------------------
---------------------------------------------------------------------------------------
WAITING IO :
---------------------------------------------------------------------------------------

*-*-*-*-*-*-*-*-*-*-*-*-*-*-*-*-*-*-*-*-*-*-*-*-*-*-*-*-*-*-*-*-*-*-*-*-*-*-*-*-*--*-*-

PRIORITY QUEUES - CPU QUANTUM : 1 sec
---------------------------------------------------------------------------------------
NIVEL 1 :
---------------------------------------------------------------------------------------
---------------------------------------------------------------------------------------
NIVEL 2 :
---------------------------------------------------------------------------------------
---------------------------------------------------------------------------------------
NIVEL 3 :
---------------------------------------------------------------------------------------
---------------------------------------------------------------------------------------
WAITING IO :| pid : 14211 |
---------------------------------------------------------------------------------------

*-*-*-*-*-*-*-*-*-*-*-*-*-*-*-*-*-*-*-*-*-*-*-*-*-*-*-*-*-*-*-*-*-*-*-*-*-*-*-*-*--*-*-

PRIORITY QUEUES - CPU QUANTUM : 1 sec
---------------------------------------------------------------------------------------
NIVEL 1 :
---------------------------------------------------------------------------------------
---------------------------------------------------------------------------------------
NIVEL 2 :
---------------------------------------------------------------------------------------
---------------------------------------------------------------------------------------
NIVEL 3 :
---------------------------------------------------------------------------------------
---------------------------------------------------------------------------------------
WAITING IO :| pid : 14211 |
---------------------------------------------------------------------------------------

*-*-*-*-*-*-*-*-*-*-*-*-*-*-*-*-*-*-*-*-*-*-*-*-*-*-*-*-*-*-*-*-*-*-*-*-*-*-*-*-*--*-*-

PRIORITY QUEUES - CPU QUANTUM : 1 sec
---------------------------------------------------------------------------------------
NIVEL 1 :
---------------------------------------------------------------------------------------
---------------------------------------------------------------------------------------
NIVEL 2 :
---------------------------------------------------------------------------------------
---------------------------------------------------------------------------------------
NIVEL 3 :
---------------------------------------------------------------------------------------
---------------------------------------------------------------------------------------
WAITING IO :| pid : 14211 |
---------------------------------------------------------------------------------------

*-*-*-*-*-*-*-*-*-*-*-*-*-*-*-*-*-*-*-*-*-*-*-*-*-*-*-*-*-*-*-*-*-*-*-*-*-*-*-*-*--*-*-

PRIORITY QUEUES - CPU QUANTUM : 1 sec
---------------------------------------------------------------------------------------
NIVEL 1 :
---------------------------------------------------------------------------------------
---------------------------------------------------------------------------------------
NIVEL 2 :
---------------------------------------------------------------------------------------
---------------------------------------------------------------------------------------
NIVEL 3 :
---------------------------------------------------------------------------------------
---------------------------------------------------------------------------------------
WAITING IO :| pid : 14211 |
---------------------------------------------------------------------------------------

*-*-*-*-*-*-*-*-*-*-*-*-*-*-*-*-*-*-*-*-*-*-*-*-*-*-*-*-*-*-*-*-*-*-*-*-*-*-*-*-*--*-*-

PRIORITY QUEUES - CPU QUANTUM : 1 sec
---------------------------------------------------------------------------------------
NIVEL 1 :
---------------------------------------------------------------------------------------
---------------------------------------------------------------------------------------
NIVEL 2 :| pid : 14211 |
---------------------------------------------------------------------------------------
---------------------------------------------------------------------------------------
NIVEL 3 :
---------------------------------------------------------------------------------------
---------------------------------------------------------------------------------------
WAITING IO :
---------------------------------------------------------------------------------------

*-*-*-*-*-*-*-*-*-*-*-*-*-*-*-*-*-*-*-*-*-*-*-*-*-*-*-*-*-*-*-*-*-*-*-*-*-*-*-*-*--*-*-

PRIORITY QUEUES - CPU QUANTUM : 1 sec
---------------------------------------------------------------------------------------
NIVEL 1 :
---------------------------------------------------------------------------------------
---------------------------------------------------------------------------------------
NIVEL 2 :| pid : 14211 |
---------------------------------------------------------------------------------------
---------------------------------------------------------------------------------------
NIVEL 3 :
---------------------------------------------------------------------------------------
---------------------------------------------------------------------------------------
WAITING IO :
---------------------------------------------------------------------------------------

*-*-*-*-*-*-*-*-*-*-*-*-*-*-*-*-*-*-*-*-*-*-*-*-*-*-*-*-*-*-*-*-*-*-*-*-*-*-*-*-*--*-*-

PRIORITY QUEUES - CPU QUANTUM : 1 sec
---------------------------------------------------------------------------------------
NIVEL 1 :
---------------------------------------------------------------------------------------
---------------------------------------------------------------------------------------
NIVEL 2 :
---------------------------------------------------------------------------------------
---------------------------------------------------------------------------------------
NIVEL 3 :| pid : 14211 |
---------------------------------------------------------------------------------------
---------------------------------------------------------------------------------------
WAITING IO :
---------------------------------------------------------------------------------------

*-*-*-*-*-*-*-*-*-*-*-*-*-*-*-*-*-*-*-*-*-*-*-*-*-*-*-*-*-*-*-*-*-*-*-*-*-*-*-*-*--*-*-

PRIORITY QUEUES - CPU QUANTUM : 1 sec
---------------------------------------------------------------------------------------
NIVEL 1 :
---------------------------------------------------------------------------------------
---------------------------------------------------------------------------------------
NIVEL 2 :
---------------------------------------------------------------------------------------
---------------------------------------------------------------------------------------
NIVEL 3 :| pid : 14211 |
---------------------------------------------------------------------------------------
---------------------------------------------------------------------------------------
WAITING IO :
---------------------------------------------------------------------------------------

*-*-*-*-*-*-*-*-*-*-*-*-*-*-*-*-*-*-*-*-*-*-*-*-*-*-*-*-*-*-*-*-*-*-*-*-*-*-*-*-*--*-*-

PRIORITY QUEUES - CPU QUANTUM : 1 sec
---------------------------------------------------------------------------------------
NIVEL 1 :
---------------------------------------------------------------------------------------
---------------------------------------------------------------------------------------
NIVEL 2 :
---------------------------------------------------------------------------------------
---------------------------------------------------------------------------------------
NIVEL 3 :| pid : 14211 |
---------------------------------------------------------------------------------------
---------------------------------------------------------------------------------------
WAITING IO :
---------------------------------------------------------------------------------------

*-*-*-*-*-*-*-*-*-*-*-*-*-*-*-*-*-*-*-*-*-*-*-*-*-*-*-*-*-*-*-*-*-*-*-*-*-*-*-*-*--*-*-

PRIORITY QUEUES - CPU QUANTUM : 1 sec
---------------------------------------------------------------------------------------
NIVEL 1 :
---------------------------------------------------------------------------------------
---------------------------------------------------------------------------------------
NIVEL 2 :
---------------------------------------------------------------------------------------
---------------------------------------------------------------------------------------
NIVEL 3 :
---------------------------------------------------------------------------------------
---------------------------------------------------------------------------------------
WAITING IO :| pid : 14211 |
---------------------------------------------------------------------------------------

*-*-*-*-*-*-*-*-*-*-*-*-*-*-*-*-*-*-*-*-*-*-*-*-*-*-*-*-*-*-*-*-*-*-*-*-*-*-*-*-*--*-*-

PRIORITY QUEUES - CPU QUANTUM : 1 sec
---------------------------------------------------------------------------------------
NIVEL 1 :
---------------------------------------------------------------------------------------
---------------------------------------------------------------------------------------
NIVEL 2 :
---------------------------------------------------------------------------------------
---------------------------------------------------------------------------------------
NIVEL 3 :
---------------------------------------------------------------------------------------
---------------------------------------------------------------------------------------
WAITING IO :| pid : 14211 |
---------------------------------------------------------------------------------------

*-*-*-*-*-*-*-*-*-*-*-*-*-*-*-*-*-*-*-*-*-*-*-*-*-*-*-*-*-*-*-*-*-*-*-*-*-*-*-*-*--*-*-

PRIORITY QUEUES - CPU QUANTUM : 1 sec
---------------------------------------------------------------------------------------
NIVEL 1 :
---------------------------------------------------------------------------------------
---------------------------------------------------------------------------------------
NIVEL 2 :
---------------------------------------------------------------------------------------
---------------------------------------------------------------------------------------
NIVEL 3 :
---------------------------------------------------------------------------------------
---------------------------------------------------------------------------------------
WAITING IO :| pid : 14211 |
---------------------------------------------------------------------------------------

*-*-*-*-*-*-*-*-*-*-*-*-*-*-*-*-*-*-*-*-*-*-*-*-*-*-*-*-*-*-*-*-*-*-*-*-*-*-*-*-*--*-*-

PRIORITY QUEUES - CPU QUANTUM : 1 sec
---------------------------------------------------------------------------------------
NIVEL 1 :
---------------------------------------------------------------------------------------
---------------------------------------------------------------------------------------
NIVEL 2 :
---------------------------------------------------------------------------------------
---------------------------------------------------------------------------------------
NIVEL 3 :
---------------------------------------------------------------------------------------
---------------------------------------------------------------------------------------
WAITING IO :| pid : 14211 |
---------------------------------------------------------------------------------------

*-*-*-*-*-*-*-*-*-*-*-*-*-*-*-*-*-*-*-*-*-*-*-*-*-*-*-*-*-*-*-*-*-*-*-*-*-*-*-*-*--*-*-

PRIORITY QUEUES - CPU QUANTUM : 1 sec
---------------------------------------------------------------------------------------
NIVEL 1 :
---------------------------------------------------------------------------------------
---------------------------------------------------------------------------------------
NIVEL 2 :| pid : 14211 |
---------------------------------------------------------------------------------------
---------------------------------------------------------------------------------------
NIVEL 3 :
---------------------------------------------------------------------------------------
---------------------------------------------------------------------------------------
WAITING IO :
---------------------------------------------------------------------------------------

*-*-*-*-*-*-*-*-*-*-*-*-*-*-*-*-*-*-*-*-*-*-*-*-*-*-*-*-*-*-*-*-*-*-*-*-*-*-*-*-*--*-*-

PRIORITY QUEUES - CPU QUANTUM : 1 sec
---------------------------------------------------------------------------------------
NIVEL 1 :
---------------------------------------------------------------------------------------
---------------------------------------------------------------------------------------
NIVEL 2 :| pid : 14211 |
---------------------------------------------------------------------------------------
---------------------------------------------------------------------------------------
NIVEL 3 :
---------------------------------------------------------------------------------------
---------------------------------------------------------------------------------------
WAITING IO :
---------------------------------------------------------------------------------------

*-*-*-*-*-*-*-*-*-*-*-*-*-*-*-*-*-*-*-*-*-*-*-*-*-*-*-*-*-*-*-*-*-*-*-*-*-*-*-*-*--*-*-

PRIORITY QUEUES - CPU QUANTUM : 1 sec
---------------------------------------------------------------------------------------
NIVEL 1 :
---------------------------------------------------------------------------------------
---------------------------------------------------------------------------------------
NIVEL 2 :
---------------------------------------------------------------------------------------
---------------------------------------------------------------------------------------
NIVEL 3 :| pid : 14211 |
---------------------------------------------------------------------------------------
---------------------------------------------------------------------------------------
WAITING IO :
---------------------------------------------------------------------------------------

*-*-*-*-*-*-*-*-*-*-*-*-*-*-*-*-*-*-*-*-*-*-*-*-*-*-*-*-*-*-*-*-*-*-*-*-*-*-*-*-*--*-*-

PRIORITY QUEUES - CPU QUANTUM : 1 sec
---------------------------------------------------------------------------------------
NIVEL 1 :
---------------------------------------------------------------------------------------
---------------------------------------------------------------------------------------
NIVEL 2 :
---------------------------------------------------------------------------------------
---------------------------------------------------------------------------------------
NIVEL 3 :| pid : 14211 |
---------------------------------------------------------------------------------------
---------------------------------------------------------------------------------------
WAITING IO :
---------------------------------------------------------------------------------------

*-*-*-*-*-*-*-*-*-*-*-*-*-*-*-*-*-*-*-*-*-*-*-*-*-*-*-*-*-*-*-*-*-*-*-*-*-*-*-*-*--*-*-

PRIORITY QUEUES - CPU QUANTUM : 1 sec
---------------------------------------------------------------------------------------
NIVEL 1 :
---------------------------------------------------------------------------------------
---------------------------------------------------------------------------------------
NIVEL 2 :
---------------------------------------------------------------------------------------
---------------------------------------------------------------------------------------
NIVEL 3 :
---------------------------------------------------------------------------------------
---------------------------------------------------------------------------------------
WAITING IO :
---------------------------------------------------------------------------------------
---------------------------------------------------------------------------------------
								End scheduler.
